INFO 2021-04-04 20:38:35,019 pos_load_file 199 Removed all sprites. Now creating lists for loaded level.
INFO 2021-04-04 20:38:35,019 pos_load_file 227 File Loaded
INFO 2021-04-04 20:38:38,181 main 2148 Play Mode Activated

INFO 2021-04-04 20:38:39,438 move_piece_on_grid 2079 1. e4 
INFO 2021-04-04 20:38:41,244 move_piece_on_grid 2068 d5 
INFO 2021-04-04 20:38:42,394 move_piece_on_grid 2079 2. e5 
INFO 2021-04-04 20:38:43,777 move_piece_on_grid 2068 f5 
INFO 2021-04-04 20:38:44,941 move_piece_on_grid 2079 3. Qh5+ 
INFO 2021-04-04 20:38:46,266 move_piece_on_grid 2068 g6 
INFO 2021-04-04 20:38:47,127 move_piece_on_grid 2079 4. Qg5 
INFO 2021-04-04 20:38:47,997 move_piece_on_grid 2068 e6 
INFO 2021-04-04 20:38:48,816 move_piece_on_grid 2079 5. Qxd8+ 
INFO 2021-04-04 20:38:49,502 move_piece_on_grid 2068 Kxd8 
INFO 2021-04-04 20:38:51,006 move_piece_on_grid 2079 6. Bc4 
INFO 2021-04-04 20:38:51,901 move_piece_on_grid 2068 a6 
INFO 2021-04-04 20:38:52,738 move_piece_on_grid 2079 7. Bxd5 
INFO 2021-04-04 20:38:53,637 move_piece_on_grid 2068 b6 
INFO 2021-04-04 20:38:54,500 move_piece_on_grid 2079 8. Bxe6 
INFO 2021-04-04 20:38:55,431 move_piece_on_grid 2068 c5 
INFO 2021-04-04 20:38:56,196 move_piece_on_grid 2079 9. Bd5 
INFO 2021-04-04 20:38:57,370 move_piece_on_grid 2068 a5 
INFO 2021-04-04 20:38:58,083 move_piece_on_grid 2079 10. e6 
INFO 2021-04-04 20:38:59,080 move_piece_on_grid 2068 Kc7 
INFO 2021-04-04 20:38:59,723 move_piece_on_grid 2079 11. e7 
INFO 2021-04-04 20:39:00,452 move_piece_on_grid 2068 f4 
INFO 2021-04-04 20:39:01,408 move_piece_on_grid 2079 12. e8=Q 
INFO 2021-04-04 20:39:02,576 move_piece_on_grid 2068 h6 
INFO 2021-04-04 20:39:03,970 move_piece_on_grid 2079 13. Qc6+ 
INFO 2021-04-04 20:39:09,731 move_piece_on_grid 2068 Kd8 
INFO 2021-04-04 20:39:12,847 move_piece_on_grid 2079 14. Nc3 
INFO 2021-04-04 20:39:13,629 move_piece_on_grid 2068 a4 
INFO 2021-04-04 20:39:14,533 move_piece_on_grid 2079 15. Nb5 
INFO 2021-04-04 20:39:16,008 move_piece_on_grid 2068 a3 
INFO 2021-04-04 20:39:20,020 move_piece_on_grid 2079 16. Bf7 
INFO 2021-04-04 20:39:21,263 move_piece_on_grid 2068 axb2 
INFO 2021-04-04 20:39:23,446 move_piece_on_grid 2079 17. Qe8# 
INFO 2021-04-04 20:39:23,446 move_piece_on_grid 2081  1-0
INFO 2021-04-04 20:39:29,701 write_moves 1241 File Saved Successfully.
INFO 2021-04-04 20:40:53,383 main 2182 
Editing Mode Activated

INFO 2021-04-04 20:40:55,534 main 2148 Play Mode Activated

INFO 2021-04-04 20:41:02,695 move_piece_on_grid 2079 1. e4 
INFO 2021-04-04 20:41:03,769 move_piece_on_grid 2068 e5 
INFO 2021-04-04 20:41:04,539 move_piece_on_grid 2079 2. Nc3 
INFO 2021-04-04 20:41:05,161 move_piece_on_grid 2068 b6 
INFO 2021-04-04 20:41:05,841 move_piece_on_grid 2079 3. Nb5 
INFO 2021-04-04 20:41:06,711 move_piece_on_grid 2068 a6 
INFO 2021-04-04 20:41:07,359 move_piece_on_grid 2079 4. Nc3 
INFO 2021-04-04 20:41:10,313 move_piece_on_grid 2068 f5 
INFO 2021-04-04 20:41:12,602 move_piece_on_grid 2079 5. h3 
INFO 2021-04-04 20:41:13,451 move_piece_on_grid 2068 f4 
INFO 2021-04-04 20:41:14,424 move_piece_on_grid 2079 6. g4 
INFO 2021-04-04 20:41:15,212 move_piece_on_grid 2068 fxg3 
INFO 2021-04-04 20:41:17,669 move_piece_on_grid 2079 7. a3 
INFO 2021-04-04 20:41:18,384 move_piece_on_grid 2068 gxf2+ 
INFO 2021-04-04 20:41:19,038 move_piece_on_grid 2079 8. Kxf2 
INFO 2021-04-04 20:41:20,190 move_piece_on_grid 2068 Qf6+ 
INFO 2021-04-04 20:41:21,014 move_piece_on_grid 2079 9. Kg2 
INFO 2021-04-04 20:41:22,010 move_piece_on_grid 2068 Nh6 
INFO 2021-04-04 20:41:23,168 move_piece_on_grid 2079 10. b4 
INFO 2021-04-04 20:41:25,942 move_piece_on_grid 2068 b5 
INFO 2021-04-04 20:41:26,903 move_piece_on_grid 2079 11. Nxb5 
INFO 2021-04-04 20:41:27,586 move_piece_on_grid 2068 axb5 
INFO 2021-04-04 20:41:29,159 move_piece_on_grid 2079 12. Bb2 
INFO 2021-04-04 20:41:32,925 move_piece_on_grid 2068 c5 
INFO 2021-04-04 20:41:33,761 move_piece_on_grid 2079 13. h4 
INFO 2021-04-04 20:41:35,781 move_piece_on_grid 2068 c4 
INFO 2021-04-04 20:41:37,107 move_piece_on_grid 2079 14. h5 
INFO 2021-04-04 20:41:39,507 move_piece_on_grid 2068 c3 
INFO 2021-04-04 20:41:42,807 move_piece_on_grid 2079 15. d4 
INFO 2021-04-04 20:41:43,642 move_piece_on_grid 2068 cxb2 
INFO 2021-04-04 20:41:45,053 move_piece_on_grid 2079 16. a4 
INFO 2021-04-04 20:41:45,954 move_piece_on_grid 2068 bxa1=Q 
INFO 2021-04-04 20:41:47,855 move_piece_on_grid 2079 17. a5 
INFO 2021-04-04 20:41:48,987 move_piece_on_grid 2068 Qxd1 
INFO 2021-04-04 20:41:50,650 move_piece_on_grid 2079 18. a6 
INFO 2021-04-04 20:41:53,452 move_piece_on_grid 2068 Qg4+ 
INFO 2021-04-04 20:41:55,752 move_piece_on_grid 2079 19. Kh2 
INFO 2021-04-04 20:41:56,786 move_piece_on_grid 2068 Qh4+ 
INFO 2021-04-04 20:42:00,273 move_piece_on_grid 2079 20. Bh3 
INFO 2021-04-04 20:42:06,821 move_piece_on_grid 2068 Nf5 
INFO 2021-04-04 20:42:10,764 move_piece_on_grid 2079 21. c3 
INFO 2021-04-04 20:42:14,040 move_piece_on_grid 2068 d6 
INFO 2021-04-04 20:42:16,525 move_piece_on_grid 2079 22. Ne2 
INFO 2021-04-04 20:42:19,995 move_piece_on_grid 2068 d5 
INFO 2021-04-04 20:42:21,105 move_piece_on_grid 2079 23. Nc1 
INFO 2021-04-04 20:42:24,732 move_piece_on_grid 2068 Qgg3# 
INFO 2021-04-04 20:42:24,732 move_piece_on_grid 2081  0-1
INFO 2021-04-04 20:42:29,326 write_moves 1241 File Saved Successfully.
