INFO 2021-04-04 14:50:49,060 load_file 195 Removed all sprites. Now creating lists for loaded level.
INFO 2021-04-04 14:50:49,061 load_file 223 File Loaded
INFO 2021-04-04 14:50:51,854 main 2095 Play Mode Activated

INFO 2021-04-04 14:50:53,144 move_piece_on_grid 2026 1.e4 
INFO 2021-04-04 14:50:56,495 move_piece_on_grid 2015 e5 
INFO 2021-04-04 14:51:06,937 move_piece_on_grid 2026 2.Nf3 
INFO 2021-04-04 14:51:07,951 move_piece_on_grid 2015 a6 
INFO 2021-04-04 14:51:08,610 move_piece_on_grid 2026 3.a3 
INFO 2021-04-04 14:51:09,312 move_piece_on_grid 2015 a5 
INFO 2021-04-04 14:51:11,307 move_piece_on_grid 2026 4.c4 
INFO 2021-04-04 14:51:12,472 move_piece_on_grid 2015 h6 
INFO 2021-04-04 14:51:18,021 move_piece_on_grid 2026 5.Nh4 
INFO 2021-04-04 14:51:20,400 move_piece_on_grid 2015 Qe7 
INFO 2021-04-04 14:51:22,659 move_piece_on_grid 2026 6.c5 
INFO 2021-04-04 14:51:26,474 move_piece_on_grid 2015 d5 
INFO 2021-04-04 14:51:28,518 move_piece_on_grid 2026 7.cxd6e.p. 
INFO 2021-04-04 14:51:30,282 move_piece_on_grid 2015 Qxh4 
INFO 2021-04-04 14:52:17,740 move_piece_on_grid 2026 8.h3 
INFO 2021-04-04 14:52:18,340 move_piece_on_grid 2015 Qh5 
INFO 2021-04-04 14:52:18,923 move_piece_on_grid 2026 9.h4 
INFO 2021-04-04 14:52:19,956 move_piece_on_grid 2015 Qxd1+ 
INFO 2021-04-04 14:52:20,530 move_piece_on_grid 2026 10.Kxd1 
INFO 2021-04-04 14:52:21,365 move_piece_on_grid 2015 a4 
INFO 2021-04-04 14:52:21,976 move_piece_on_grid 2026 11.b3 
INFO 2021-04-04 14:52:22,772 move_piece_on_grid 2015 b6 
INFO 2021-04-04 14:52:23,439 move_piece_on_grid 2026 12.b4 
INFO 2021-04-04 14:52:24,955 move_piece_on_grid 2015 b5 
INFO 2021-04-04 14:52:25,641 move_piece_on_grid 2026 13.Bb2 
INFO 2021-04-04 14:52:27,289 move_piece_on_grid 2015 c6 
INFO 2021-04-04 14:52:29,425 move_piece_on_grid 2026 14.O-O-O 
INFO 2021-04-04 14:52:39,845 move_piece_on_grid 2015 c5 
INFO 2021-04-04 14:52:42,378 move_piece_on_grid 2026 15.Bc3 
INFO 2021-04-04 14:52:44,231 move_piece_on_grid 2015 c4 
INFO 2021-04-04 14:52:47,838 move_piece_on_grid 2026 16.d4 
INFO 2021-04-04 14:52:51,018 move_piece_on_grid 2015 g6 
INFO 2021-04-04 14:52:52,071 move_piece_on_grid 2026 17.g3 
INFO 2021-04-04 14:52:52,776 move_piece_on_grid 2015 h5 
INFO 2021-04-04 14:52:53,475 move_piece_on_grid 2026 18.g4 
INFO 2021-04-04 14:52:54,039 move_piece_on_grid 2015 hxg4 
INFO 2021-04-04 14:52:54,632 move_piece_on_grid 2026 19.h5 
INFO 2021-04-04 14:52:55,363 move_piece_on_grid 2015 g5 
INFO 2021-04-04 14:52:56,188 move_piece_on_grid 2026 20.h6 
ERROR 2021-04-04 14:53:46,075 main 2287 Error out of main
Traceback (most recent call last):
  File "C:\Users\Brad\Documents\GitHub\Chess-WORK-IN-PROGRESS-\Chess.py", line 1576, in main
    sys.exit()
SystemExit
