INFO 2021-04-04 20:45:15,658 pos_load_file 200 Removed all sprites. Now creating lists for loaded level.
INFO 2021-04-04 20:45:15,658 pos_load_file 228 File Loaded
INFO 2021-04-04 20:45:18,875 main 2149 Play Mode Activated

INFO 2021-04-04 20:45:19,965 move_piece_on_grid 2080 1. e3 
INFO 2021-04-04 20:45:20,658 move_piece_on_grid 2069 e6 
INFO 2021-04-04 20:45:21,708 move_piece_on_grid 2080 2. h3 
INFO 2021-04-04 20:45:22,332 move_piece_on_grid 2069 h6 
INFO 2021-04-04 20:45:23,345 move_piece_on_grid 2080 3. h4 
INFO 2021-04-04 20:45:24,044 move_piece_on_grid 2069 h5 
INFO 2021-04-04 20:45:26,344 move_piece_on_grid 2080 4. g3 
INFO 2021-04-04 20:45:27,070 move_piece_on_grid 2069 g5 
INFO 2021-04-04 20:45:27,665 move_piece_on_grid 2080 5. hxg5 
INFO 2021-04-04 20:45:30,404 move_piece_on_grid 2069 e5 
INFO 2021-04-04 20:45:32,696 move_piece_on_grid 2080 6. a3 
INFO 2021-04-04 20:45:33,457 move_piece_on_grid 2069 e4 
INFO 2021-04-04 20:45:34,302 move_piece_on_grid 2080 7. d4 
INFO 2021-04-04 20:45:38,598 move_piece_on_grid 2069 Qxg5 
INFO 2021-04-04 20:45:44,940 move_piece_on_grid 2080 8. Nc3 
INFO 2021-04-04 20:45:47,807 move_piece_on_grid 2069 b5 
INFO 2021-04-04 20:45:48,719 move_piece_on_grid 2080 9. Ne2 
INFO 2021-04-04 20:45:49,735 move_piece_on_grid 2069 b4 
INFO 2021-04-04 20:45:50,515 move_piece_on_grid 2080 10. c4 
INFO 2021-04-04 20:45:51,667 move_piece_on_grid 2069 bxc3 
INFO 2021-04-04 20:45:53,820 move_piece_on_grid 2080 11. bxc3 
INFO 2021-04-04 20:45:56,335 move_piece_on_grid 2069 Qf6 
INFO 2021-04-04 20:45:57,311 move_piece_on_grid 2080 12. Bh3 
INFO 2021-04-04 20:46:00,991 move_piece_on_grid 2069 Nc6 
INFO 2021-04-04 20:46:03,662 move_piece_on_grid 2080 13. Qb3 
INFO 2021-04-04 20:46:06,064 move_piece_on_grid 2069 Nxd4 
INFO 2021-04-04 20:46:07,302 move_piece_on_grid 2080 14. Bb2 
INFO 2021-04-04 20:46:08,265 move_piece_on_grid 2069 Nxe2 
INFO 2021-04-04 20:46:09,282 move_piece_on_grid 2080 15. c4 
INFO 2021-04-04 20:46:10,441 move_piece_on_grid 2069 Nd4 
INFO 2021-04-04 20:46:13,177 move_piece_on_grid 2080 16. Bc3 
INFO 2021-04-04 20:46:14,297 move_piece_on_grid 2069 Nh6 
INFO 2021-04-04 20:46:15,432 move_piece_on_grid 2080 17. a4 
INFO 2021-04-04 20:46:16,386 move_piece_on_grid 2069 Ng4 
INFO 2021-04-04 20:46:19,247 move_piece_on_grid 2080 18. Bb4 
INFO 2021-04-04 20:46:22,162 move_piece_on_grid 2069 Bxb4+ 
INFO 2021-04-04 20:46:24,044 move_piece_on_grid 2080 19. Qxb4 
INFO 2021-04-04 20:46:25,170 move_piece_on_grid 2069 Nc2+ 
INFO 2021-04-04 20:46:26,911 move_piece_on_grid 2080 20. Kf1 
INFO 2021-04-04 20:46:28,195 move_piece_on_grid 2069 Nxb4 
INFO 2021-04-04 20:46:29,890 move_piece_on_grid 2080 21. Ra2 
INFO 2021-04-04 20:46:31,562 move_piece_on_grid 2069 Nc2 
INFO 2021-04-04 20:46:34,861 move_piece_on_grid 2080 22. Ra1 
INFO 2021-04-04 20:46:38,526 move_piece_on_grid 2069 Qxf2# 
INFO 2021-04-04 20:46:38,527 move_piece_on_grid 2082  0-1
INFO 2021-04-04 20:46:45,294 write_moves 1242 File Saved Successfully.
INFO 2021-04-04 20:47:25,235 main 2183 
Editing Mode Activated

